<?xml version="1.0" encoding="UTF-8"?>
<coverage generated="1765707653291" clover="3.2.0">
  <project timestamp="1765707653292" name="All files">
    <metrics statements="166" coveredstatements="109" conditionals="104" coveredconditionals="52" methods="26" coveredmethods="20" elements="296" coveredelements="181" complexity="0" loc="166" ncloc="166" packages="1" files="1" classes="1"/>
    <file name="generator.ts" path="/Users/nauman/Desktop/assets-mapper/src/generator.ts">
      <metrics statements="166" coveredstatements="109" conditionals="104" coveredconditionals="52" methods="26" coveredmethods="20"/>
      <line num="1" count="1" type="stmt"/>
      <line num="2" count="1" type="stmt"/>
      <line num="3" count="1" type="stmt"/>
      <line num="5" count="1" type="stmt"/>
      <line num="6" count="22" type="stmt"/>
      <line num="9" count="1" type="stmt"/>
      <line num="10" count="5" type="stmt"/>
      <line num="11" count="6" type="stmt"/>
      <line num="12" count="0" type="stmt"/>
      <line num="16" count="1" type="stmt"/>
      <line num="17" count="4" type="stmt"/>
      <line num="23" count="1" type="stmt"/>
      <line num="24" count="4" type="stmt"/>
      <line num="27" count="1" type="stmt"/>
      <line num="31" count="19" type="cond" truecount="4" falsecount="0"/>
      <line num="33" count="2" type="stmt"/>
      <line num="35" count="1" type="stmt"/>
      <line num="37" count="1" type="stmt"/>
      <line num="39" count="15" type="stmt"/>
      <line num="51" count="1" type="stmt"/>
      <line num="58" count="22" type="stmt"/>
      <line num="59" count="22" type="stmt"/>
      <line num="60" count="22" type="stmt"/>
      <line num="61" count="22" type="stmt"/>
      <line num="62" count="30" type="stmt"/>
      <line num="63" count="30" type="stmt"/>
      <line num="65" count="30" type="cond" truecount="2" falsecount="0"/>
      <line num="67" count="45" type="stmt"/>
      <line num="69" count="1" type="stmt"/>
      <line num="72" count="29" type="stmt"/>
      <line num="73" count="29" type="cond" truecount="2" falsecount="0"/>
      <line num="74" count="9" type="stmt"/>
      <line num="77" count="20" type="cond" truecount="1" falsecount="1"/>
      <line num="78" count="20" type="cond" truecount="2" falsecount="0"/>
      <line num="81" count="2" type="stmt"/>
      <line num="83" count="1" type="stmt"/>
      <line num="86" count="19" type="stmt"/>
      <line num="87" count="19" type="cond" truecount="2" falsecount="0"/>
      <line num="88" count="17" type="stmt"/>
      <line num="99" count="0" type="cond" truecount="0" falsecount="5"/>
      <line num="100" count="0" type="stmt"/>
      <line num="104" count="0" type="stmt"/>
      <line num="107" count="22" type="stmt"/>
      <line num="129" count="1" type="stmt"/>
      <line num="132" count="11" type="cond" truecount="3" falsecount="1"/>
      <line num="133" count="0" type="stmt"/>
      <line num="135" count="11" type="cond" truecount="3" falsecount="1"/>
      <line num="136" count="0" type="stmt"/>
      <line num="138" count="11" type="cond" truecount="3" falsecount="1"/>
      <line num="139" count="0" type="stmt"/>
      <line num="142" count="11" type="stmt"/>
      <line num="143" count="11" type="stmt"/>
      <line num="145" count="11" type="cond" truecount="2" falsecount="0"/>
      <line num="146" count="1" type="stmt"/>
      <line num="149" count="10" type="stmt"/>
      <line num="150" count="10" type="cond" truecount="1" falsecount="1"/>
      <line num="151" count="0" type="stmt"/>
      <line num="154" count="10" type="stmt"/>
      <line num="155" count="10" type="stmt"/>
      <line num="166" count="82" type="cond" truecount="2" falsecount="0"/>
      <line num="167" count="10" type="cond" truecount="2" falsecount="0"/>
      <line num="168" count="10" type="stmt"/>
      <line num="170" count="10" type="stmt"/>
      <line num="172" count="10" type="stmt"/>
      <line num="173" count="3" type="stmt"/>
      <line num="174" count="3" type="stmt"/>
      <line num="175" count="3" type="cond" truecount="1" falsecount="1"/>
      <line num="176" count="0" type="stmt"/>
      <line num="179" count="10" type="cond" truecount="1" falsecount="1"/>
      <line num="180" count="0" type="stmt"/>
      <line num="187" count="10" type="stmt"/>
      <line num="189" count="10" type="stmt"/>
      <line num="190" count="10" type="stmt"/>
      <line num="191" count="10" type="stmt"/>
      <line num="193" count="10" type="stmt"/>
      <line num="195" count="13" type="stmt"/>
      <line num="197" count="13" type="cond" truecount="2" falsecount="0"/>
      <line num="199" count="13" type="cond" truecount="2" falsecount="0"/>
      <line num="200" count="10" type="stmt"/>
      <line num="202" count="3" type="stmt"/>
      <line num="203" count="3" type="cond" truecount="3" falsecount="1"/>
      <line num="204" count="3" type="stmt"/>
      <line num="206" count="3" type="cond" truecount="2" falsecount="0"/>
      <line num="207" count="1" type="stmt"/>
      <line num="211" count="2" type="cond" truecount="1" falsecount="1"/>
      <line num="212" count="0" type="stmt"/>
      <line num="216" count="0" type="stmt"/>
      <line num="221" count="2" type="cond" truecount="1" falsecount="1"/>
      <line num="222" count="2" type="stmt"/>
      <line num="228" count="0" type="stmt"/>
      <line num="232" count="13" type="stmt"/>
      <line num="233" count="13" type="stmt"/>
      <line num="234" count="13" type="stmt"/>
      <line num="235" count="0" type="stmt"/>
      <line num="236" count="0" type="stmt"/>
      <line num="238" count="13" type="stmt"/>
      <line num="240" count="13" type="cond" truecount="2" falsecount="0"/>
      <line num="241" count="1" type="stmt"/>
      <line num="242" count="1" type="stmt"/>
      <line num="243" count="1" type="stmt"/>
      <line num="244" count="1" type="stmt"/>
      <line num="245" count="1" type="stmt"/>
      <line num="246" count="1" type="stmt"/>
      <line num="248" count="0" type="stmt"/>
      <line num="249" count="0" type="stmt"/>
      <line num="250" count="0" type="stmt"/>
      <line num="253" count="12" type="stmt"/>
      <line num="254" count="12" type="cond" truecount="1" falsecount="1"/>
      <line num="257" count="12" type="stmt"/>
      <line num="258" count="12" type="stmt"/>
      <line num="259" count="12" type="stmt"/>
      <line num="263" count="10" type="stmt"/>
      <line num="264" count="10" type="stmt"/>
      <line num="265" count="10" type="stmt"/>
      <line num="266" count="10" type="stmt"/>
      <line num="267" count="10" type="stmt"/>
      <line num="268" count="10" type="stmt"/>
      <line num="270" count="10" type="stmt"/>
      <line num="272" count="10" type="stmt"/>
      <line num="273" count="10" type="stmt"/>
      <line num="274" count="10" type="stmt"/>
      <line num="276" count="0" type="cond" truecount="0" falsecount="5"/>
      <line num="277" count="0" type="stmt"/>
      <line num="279" count="0" type="stmt"/>
      <line num="283" count="10" type="stmt"/>
      <line num="285" count="13" type="stmt"/>
      <line num="288" count="13" type="stmt"/>
      <line num="291" count="10" type="cond" truecount="2" falsecount="0"/>
      <line num="296" count="1" type="stmt"/>
      <line num="301" count="0" type="stmt"/>
      <line num="302" count="0" type="stmt"/>
      <line num="306" count="0" type="cond" truecount="0" falsecount="2"/>
      <line num="307" count="0" type="stmt"/>
      <line num="308" count="0" type="stmt"/>
      <line num="319" count="0" type="cond" truecount="0" falsecount="2"/>
      <line num="321" count="0" type="cond" truecount="0" falsecount="2"/>
      <line num="322" count="0" type="stmt"/>
      <line num="325" count="0" type="stmt"/>
      <line num="326" count="0" type="stmt"/>
      <line num="327" count="0" type="stmt"/>
      <line num="330" count="0" type="cond" truecount="0" falsecount="2"/>
      <line num="332" count="0" type="cond" truecount="0" falsecount="5"/>
      <line num="333" count="0" type="stmt"/>
      <line num="337" count="0" type="stmt"/>
      <line num="339" count="0" type="cond" truecount="0" falsecount="2"/>
      <line num="340" count="0" type="stmt"/>
      <line num="349" count="0" type="stmt"/>
      <line num="350" count="0" type="stmt"/>
      <line num="352" count="0" type="stmt"/>
      <line num="354" count="0" type="cond" truecount="0" falsecount="2"/>
      <line num="355" count="0" type="stmt"/>
      <line num="356" count="0" type="stmt"/>
      <line num="361" count="0" type="cond" truecount="0" falsecount="5"/>
      <line num="362" count="0" type="stmt"/>
      <line num="366" count="0" type="stmt"/>
      <line num="371" count="1" type="stmt"/>
      <line num="372" count="0" type="stmt"/>
      <line num="373" count="0" type="cond" truecount="0" falsecount="2"/>
      <line num="374" count="0" type="stmt"/>
      <line num="375" count="0" type="stmt"/>
      <line num="376" count="0" type="stmt"/>
      <line num="378" count="0" type="stmt"/>
      <line num="380" count="0" type="cond" truecount="0" falsecount="5"/>
      <line num="381" count="0" type="stmt"/>
      <line num="385" count="0" type="stmt"/>
      <line num="387" count="0" type="stmt"/>
    </file>
  </project>
</coverage>
