{"/Users/nauman/Desktop/assets-mapper/src/generator.ts": {"path":"/Users/nauman/Desktop/assets-mapper/src/generator.ts","statementMap":{"0":{"start":{"line":5,"column":0},"end":{"line":5,"column":16}},"1":{"start":{"line":9,"column":0},"end":{"line":9,"column":16}},"2":{"start":{"line":16,"column":0},"end":{"line":16,"column":16}},"3":{"start":{"line":23,"column":0},"end":{"line":23,"column":16}},"4":{"start":{"line":27,"column":0},"end":{"line":27,"column":16}},"5":{"start":{"line":51,"column":0},"end":{"line":51,"column":16}},"6":{"start":{"line":129,"column":0},"end":{"line":129,"column":16}},"7":{"start":{"line":296,"column":0},"end":{"line":296,"column":16}},"8":{"start":{"line":371,"column":0},"end":{"line":371,"column":16}},"9":{"start":{"line":1,"column":0},"end":{"line":1,"column":20}},"10":{"start":{"line":2,"column":0},"end":{"line":2,"column":24}},"11":{"start":{"line":3,"column":0},"end":{"line":3,"column":38}},"12":{"start":{"line":6,"column":2},"end":{"line":6,"column":72}},"13":{"start":{"line":10,"column":2},"end":{"line":13,"column":32}},"14":{"start":{"line":11,"column":46},"end":{"line":11,"column":63}},"15":{"start":{"line":12,"column":30},"end":{"line":12,"column":47}},"16":{"start":{"line":17,"column":2},"end":{"line":20,"column":32}},"17":{"start":{"line":24,"column":2},"end":{"line":24,"column":58}},"18":{"start":{"line":31,"column":2},"end":{"line":40,"column":3}},"19":{"start":{"line":33,"column":6},"end":{"line":33,"column":31}},"20":{"start":{"line":35,"column":6},"end":{"line":35,"column":31}},"21":{"start":{"line":37,"column":6},"end":{"line":37,"column":31}},"22":{"start":{"line":39,"column":6},"end":{"line":39,"column":32}},"23":{"start":{"line":58,"column":31},"end":{"line":58,"column":33}},"24":{"start":{"line":59,"column":2},"end":{"line":106,"column":3}},"25":{"start":{"line":60,"column":18},"end":{"line":60,"column":37}},"26":{"start":{"line":61,"column":4},"end":{"line":97,"column":5}},"27":{"start":{"line":62,"column":23},"end":{"line":62,"column":43}},"28":{"start":{"line":63,"column":27},"end":{"line":63,"column":59}},"29":{"start":{"line":65,"column":6},"end":{"line":70,"column":7}},"30":{"start":{"line":67,"column":32},"end":{"line":67,"column":64}},"31":{"start":{"line":69,"column":8},"end":{"line":69,"column":17}},"32":{"start":{"line":72,"column":20},"end":{"line":72,"column":41}},"33":{"start":{"line":73,"column":6},"end":{"line":96,"column":7}},"34":{"start":{"line":74,"column":8},"end":{"line":76,"column":10}},"35":{"start":{"line":77,"column":13},"end":{"line":96,"column":7}},"36":{"start":{"line":78,"column":8},"end":{"line":84,"column":9}},"37":{"start":{"line":81,"column":35},"end":{"line":81,"column":67}},"38":{"start":{"line":83,"column":10},"end":{"line":83,"column":19}},"39":{"start":{"line":86,"column":20},"end":{"line":86,"column":61}},"40":{"start":{"line":87,"column":8},"end":{"line":95,"column":9}},"41":{"start":{"line":88,"column":10},"end":{"line":94,"column":13}},"42":{"start":{"line":99,"column":4},"end":{"line":105,"column":5}},"43":{"start":{"line":100,"column":6},"end":{"line":102,"column":8}},"44":{"start":{"line":104,"column":6},"end":{"line":104,"column":63}},"45":{"start":{"line":107,"column":2},"end":{"line":107,"column":17}},"46":{"start":{"line":132,"column":2},"end":{"line":134,"column":3}},"47":{"start":{"line":133,"column":4},"end":{"line":133,"column":50}},"48":{"start":{"line":135,"column":2},"end":{"line":137,"column":3}},"49":{"start":{"line":136,"column":4},"end":{"line":136,"column":70}},"50":{"start":{"line":138,"column":2},"end":{"line":140,"column":3}},"51":{"start":{"line":139,"column":4},"end":{"line":139,"column":70}},"52":{"start":{"line":142,"column":14},"end":{"line":142,"column":27}},"53":{"start":{"line":143,"column":14},"end":{"line":143,"column":44}},"54":{"start":{"line":145,"column":2},"end":{"line":147,"column":3}},"55":{"start":{"line":146,"column":4},"end":{"line":146,"column":55}},"56":{"start":{"line":149,"column":19},"end":{"line":149,"column":35}},"57":{"start":{"line":150,"column":2},"end":{"line":152,"column":3}},"58":{"start":{"line":151,"column":4},"end":{"line":151,"column":62}},"59":{"start":{"line":154,"column":14},"end":{"line":154,"column":44}},"60":{"start":{"line":155,"column":22},"end":{"line":165,"column":4}},"61":{"start":{"line":166,"column":15},"end":{"line":166,"column":70}},"62":{"start":{"line":166,"column":54},"end":{"line":166,"column":69}},"63":{"start":{"line":167,"column":18},"end":{"line":167,"column":73}},"64":{"start":{"line":168,"column":18},"end":{"line":168,"column":33}},"65":{"start":{"line":170,"column":21},"end":{"line":170,"column":77}},"66":{"start":{"line":172,"column":2},"end":{"line":177,"column":5}},"67":{"start":{"line":173,"column":19},"end":{"line":173,"column":76}},"68":{"start":{"line":173,"column":59},"end":{"line":173,"column":68}},"69":{"start":{"line":174,"column":19},"end":{"line":174,"column":76}},"70":{"start":{"line":174,"column":59},"end":{"line":174,"column":68}},"71":{"start":{"line":175,"column":4},"end":{"line":175,"column":50}},"72":{"start":{"line":175,"column":27},"end":{"line":175,"column":50}},"73":{"start":{"line":176,"column":4},"end":{"line":176,"column":56}},"74":{"start":{"line":179,"column":2},"end":{"line":185,"column":3}},"75":{"start":{"line":180,"column":4},"end":{"line":184,"column":6}},"76":{"start":{"line":187,"column":52},"end":{"line":187,"column":54}},"77":{"start":{"line":189,"column":26},"end":{"line":189,"column":28}},"78":{"start":{"line":190,"column":31},"end":{"line":190,"column":33}},"79":{"start":{"line":191,"column":35},"end":{"line":191,"column":44}},"80":{"start":{"line":193,"column":2},"end":{"line":261,"column":5}},"81":{"start":{"line":195,"column":21},"end":{"line":195,"column":79}},"82":{"start":{"line":197,"column":4},"end":{"line":197,"column":67}},"83":{"start":{"line":199,"column":4},"end":{"line":230,"column":5}},"84":{"start":{"line":200,"column":6},"end":{"line":200,"column":28}},"85":{"start":{"line":202,"column":18},"end":{"line":202,"column":36}},"86":{"start":{"line":203,"column":6},"end":{"line":229,"column":7}},"87":{"start":{"line":204,"column":25},"end":{"line":204,"column":73}},"88":{"start":{"line":204,"column":60},"end":{"line":204,"column":72}},"89":{"start":{"line":206,"column":8},"end":{"line":226,"column":9}},"90":{"start":{"line":207,"column":10},"end":{"line":210,"column":12}},"91":{"start":{"line":211,"column":15},"end":{"line":226,"column":9}},"92":{"start":{"line":212,"column":23},"end":{"line":215,"column":41}},"93":{"start":{"line":216,"column":10},"end":{"line":219,"column":12}},"94":{"start":{"line":221,"column":26},"end":{"line":221,"column":77}},"95":{"start":{"line":222,"column":10},"end":{"line":225,"column":12}},"96":{"start":{"line":228,"column":8},"end":{"line":228,"column":30}},"97":{"start":{"line":232,"column":18},"end":{"line":232,"column":19}},"98":{"start":{"line":233,"column":25},"end":{"line":233,"column":35}},"99":{"start":{"line":234,"column":4},"end":{"line":237,"column":5}},"100":{"start":{"line":235,"column":6},"end":{"line":235,"column":48}},"101":{"start":{"line":236,"column":6},"end":{"line":236,"column":16}},"102":{"start":{"line":238,"column":4},"end":{"line":238,"column":32}},"103":{"start":{"line":240,"column":4},"end":{"line":260,"column":5}},"104":{"start":{"line":241,"column":6},"end":{"line":251,"column":7}},"105":{"start":{"line":242,"column":26},"end":{"line":242,"column":53}},"106":{"start":{"line":243,"column":29},"end":{"line":243,"column":72}},"107":{"start":{"line":244,"column":22},"end":{"line":244,"column":60}},"108":{"start":{"line":245,"column":8},"end":{"line":245,"column":63}},"109":{"start":{"line":246,"column":8},"end":{"line":246,"column":43}},"110":{"start":{"line":248,"column":22},"end":{"line":248,"column":69}},"111":{"start":{"line":249,"column":8},"end":{"line":249,"column":63}},"112":{"start":{"line":250,"column":8},"end":{"line":250,"column":43}},"113":{"start":{"line":253,"column":27},"end":{"line":253,"column":78}},"114":{"start":{"line":254,"column":25},"end":{"line":256,"column":29}},"115":{"start":{"line":257,"column":29},"end":{"line":257,"column":59}},"116":{"start":{"line":258,"column":6},"end":{"line":258,"column":67}},"117":{"start":{"line":259,"column":6},"end":{"line":259,"column":41}},"118":{"start":{"line":263,"column":2},"end":{"line":263,"column":17}},"119":{"start":{"line":264,"column":2},"end":{"line":264,"column":36}},"120":{"start":{"line":265,"column":2},"end":{"line":265,"column":37}},"121":{"start":{"line":266,"column":2},"end":{"line":266,"column":19}},"122":{"start":{"line":267,"column":2},"end":{"line":267,"column":17}},"123":{"start":{"line":268,"column":2},"end":{"line":268,"column":42}},"124":{"start":{"line":270,"column":18},"end":{"line":270,"column":34}},"125":{"start":{"line":272,"column":2},"end":{"line":281,"column":3}},"126":{"start":{"line":273,"column":4},"end":{"line":273,"column":57}},"127":{"start":{"line":274,"column":4},"end":{"line":274,"column":43}},"128":{"start":{"line":276,"column":4},"end":{"line":280,"column":5}},"129":{"start":{"line":277,"column":6},"end":{"line":277,"column":80}},"130":{"start":{"line":279,"column":6},"end":{"line":279,"column":54}},"131":{"start":{"line":283,"column":2},"end":{"line":293,"column":4}},"132":{"start":{"line":285,"column":40},"end":{"line":285,"column":54}},"133":{"start":{"line":288,"column":37},"end":{"line":288,"column":48}},"134":{"start":{"line":288,"column":62},"end":{"line":288,"column":71}},"135":{"start":{"line":291,"column":14},"end":{"line":291,"column":62}},"136":{"start":{"line":301,"column":2},"end":{"line":368,"column":3}},"137":{"start":{"line":302,"column":4},"end":{"line":347,"column":6}},"138":{"start":{"line":306,"column":8},"end":{"line":306,"column":30}},"139":{"start":{"line":306,"column":23},"end":{"line":306,"column":30}},"140":{"start":{"line":307,"column":20},"end":{"line":307,"column":65}},"141":{"start":{"line":308,"column":28},"end":{"line":318,"column":10}},"142":{"start":{"line":319,"column":21},"end":{"line":319,"column":76}},"143":{"start":{"line":319,"column":60},"end":{"line":319,"column":75}},"144":{"start":{"line":321,"column":8},"end":{"line":345,"column":9}},"145":{"start":{"line":322,"column":10},"end":{"line":324,"column":12}},"146":{"start":{"line":325,"column":10},"end":{"line":344,"column":11}},"147":{"start":{"line":326,"column":27},"end":{"line":326,"column":53}},"148":{"start":{"line":327,"column":12},"end":{"line":329,"column":14}},"149":{"start":{"line":330,"column":12},"end":{"line":330,"column":49}},"150":{"start":{"line":330,"column":26},"end":{"line":330,"column":49}},"151":{"start":{"line":332,"column":12},"end":{"line":338,"column":13}},"152":{"start":{"line":333,"column":14},"end":{"line":335,"column":16}},"153":{"start":{"line":337,"column":14},"end":{"line":337,"column":64}},"154":{"start":{"line":339,"column":12},"end":{"line":343,"column":16}},"155":{"start":{"line":340,"column":14},"end":{"line":343,"column":16}},"156":{"start":{"line":349,"column":4},"end":{"line":349,"column":61}},"157":{"start":{"line":350,"column":4},"end":{"line":350,"column":52}},"158":{"start":{"line":352,"column":4},"end":{"line":359,"column":6}},"159":{"start":{"line":354,"column":8},"end":{"line":357,"column":9}},"160":{"start":{"line":355,"column":10},"end":{"line":355,"column":26}},"161":{"start":{"line":356,"column":10},"end":{"line":356,"column":57}},"162":{"start":{"line":361,"column":4},"end":{"line":367,"column":5}},"163":{"start":{"line":362,"column":6},"end":{"line":364,"column":8}},"164":{"start":{"line":366,"column":6},"end":{"line":366,"column":55}},"165":{"start":{"line":372,"column":2},"end":{"line":388,"column":3}},"166":{"start":{"line":373,"column":4},"end":{"line":377,"column":5}},"167":{"start":{"line":374,"column":6},"end":{"line":374,"column":32}},"168":{"start":{"line":375,"column":6},"end":{"line":375,"column":67}},"169":{"start":{"line":376,"column":6},"end":{"line":376,"column":18}},"170":{"start":{"line":378,"column":4},"end":{"line":378,"column":17}},"171":{"start":{"line":380,"column":4},"end":{"line":386,"column":5}},"172":{"start":{"line":381,"column":6},"end":{"line":383,"column":8}},"173":{"start":{"line":385,"column":6},"end":{"line":385,"column":66}},"174":{"start":{"line":387,"column":4},"end":{"line":387,"column":17}}},"fnMap":{"0":{"name":"sanitizeName","decl":{"start":{"line":5,"column":16},"end":{"line":5,"column":28}},"loc":{"start":{"line":5,"column":41},"end":{"line":7,"column":1}}},"1":{"name":"toCamelCase","decl":{"start":{"line":9,"column":16},"end":{"line":9,"column":27}},"loc":{"start":{"line":9,"column":39},"end":{"line":14,"column":1}}},"2":{"name":"(anonymous_3)","decl":{"start":{"line":11,"column":34},"end":{"line":11,"column":35}},"loc":{"start":{"line":11,"column":46},"end":{"line":11,"column":63}}},"3":{"name":"(anonymous_4)","decl":{"start":{"line":12,"column":23},"end":{"line":12,"column":26}},"loc":{"start":{"line":12,"column":30},"end":{"line":12,"column":47}}},"4":{"name":"toSnakeCase","decl":{"start":{"line":16,"column":16},"end":{"line":16,"column":27}},"loc":{"start":{"line":16,"column":39},"end":{"line":21,"column":1}}},"5":{"name":"toKebabCase","decl":{"start":{"line":23,"column":16},"end":{"line":23,"column":27}},"loc":{"start":{"line":23,"column":39},"end":{"line":25,"column":1}}},"6":{"name":"applyNamingStrategy","decl":{"start":{"line":27,"column":16},"end":{"line":27,"column":35}},"loc":{"start":{"line":29,"column":54},"end":{"line":41,"column":1}}},"7":{"name":"scanDirectoryRecursive","decl":{"start":{"line":51,"column":16},"end":{"line":51,"column":38}},"loc":{"start":{"line":56,"column":20},"end":{"line":108,"column":1}}},"8":{"name":"(anonymous_9)","decl":{"start":{"line":67,"column":21},"end":{"line":67,"column":28}},"loc":{"start":{"line":67,"column":32},"end":{"line":67,"column":64}}},"9":{"name":"(anonymous_10)","decl":{"start":{"line":81,"column":24},"end":{"line":81,"column":31}},"loc":{"start":{"line":81,"column":35},"end":{"line":81,"column":67}}},"10":{"name":"generateAssetsMap","decl":{"start":{"line":129,"column":16},"end":{"line":129,"column":33}},"loc":{"start":{"line":130,"column":35},"end":{"line":294,"column":1}}},"11":{"name":"(anonymous_12)","decl":{"start":{"line":166,"column":49},"end":{"line":166,"column":50}},"loc":{"start":{"line":166,"column":54},"end":{"line":166,"column":69}}},"12":{"name":"(anonymous_13)","decl":{"start":{"line":172,"column":18},"end":{"line":172,"column":19}},"loc":{"start":{"line":172,"column":27},"end":{"line":177,"column":3}}},"13":{"name":"(anonymous_14)","decl":{"start":{"line":173,"column":54},"end":{"line":173,"column":55}},"loc":{"start":{"line":173,"column":59},"end":{"line":173,"column":68}}},"14":{"name":"(anonymous_15)","decl":{"start":{"line":174,"column":54},"end":{"line":174,"column":55}},"loc":{"start":{"line":174,"column":59},"end":{"line":174,"column":68}}},"15":{"name":"(anonymous_16)","decl":{"start":{"line":193,"column":21},"end":{"line":193,"column":29}},"loc":{"start":{"line":193,"column":32},"end":{"line":261,"column":3}}},"16":{"name":"(anonymous_17)","decl":{"start":{"line":204,"column":52},"end":{"line":204,"column":56}},"loc":{"start":{"line":204,"column":60},"end":{"line":204,"column":72}}},"17":{"name":"(anonymous_18)","decl":{"start":{"line":285,"column":35},"end":{"line":285,"column":36}},"loc":{"start":{"line":285,"column":40},"end":{"line":285,"column":54}}},"18":{"name":"(anonymous_19)","decl":{"start":{"line":288,"column":32},"end":{"line":288,"column":33}},"loc":{"start":{"line":288,"column":37},"end":{"line":288,"column":48}}},"19":{"name":"(anonymous_20)","decl":{"start":{"line":288,"column":57},"end":{"line":288,"column":58}},"loc":{"start":{"line":288,"column":62},"end":{"line":288,"column":71}}},"20":{"name":"(anonymous_21)","decl":{"start":{"line":291,"column":6},"end":{"line":291,"column":10}},"loc":{"start":{"line":291,"column":14},"end":{"line":291,"column":62}}},"21":{"name":"watchAssetsMap","decl":{"start":{"line":296,"column":16},"end":{"line":296,"column":30}},"loc":{"start":{"line":298,"column":80},"end":{"line":369,"column":1}}},"22":{"name":"(anonymous_23)","decl":{"start":{"line":305,"column":6},"end":{"line":305,"column":7}},"loc":{"start":{"line":305,"column":53},"end":{"line":346,"column":7}}},"23":{"name":"(anonymous_24)","decl":{"start":{"line":319,"column":55},"end":{"line":319,"column":56}},"loc":{"start":{"line":319,"column":60},"end":{"line":319,"column":75}}},"24":{"name":"(anonymous_25)","decl":{"start":{"line":353,"column":13},"end":{"line":353,"column":16}},"loc":{"start":{"line":353,"column":18},"end":{"line":358,"column":7}}},"25":{"name":"cleanupAssetsMap","decl":{"start":{"line":371,"column":16},"end":{"line":371,"column":32}},"loc":{"start":{"line":371,"column":51},"end":{"line":389,"column":1}}}},"branchMap":{"0":{"loc":{"start":{"line":31,"column":2},"end":{"line":40,"column":3}},"type":"switch","locations":[{"start":{"line":32,"column":4},"end":{"line":33,"column":31}},{"start":{"line":34,"column":4},"end":{"line":35,"column":31}},{"start":{"line":36,"column":4},"end":{"line":37,"column":31}},{"start":{"line":38,"column":4},"end":{"line":39,"column":32}}]},"1":{"loc":{"start":{"line":65,"column":6},"end":{"line":70,"column":7}},"type":"if","locations":[{"start":{"line":65,"column":6},"end":{"line":70,"column":7}},{"start":{},"end":{}}]},"2":{"loc":{"start":{"line":66,"column":8},"end":{"line":67,"column":65}},"type":"binary-expr","locations":[{"start":{"line":66,"column":8},"end":{"line":66,"column":15}},{"start":{"line":67,"column":8},"end":{"line":67,"column":65}}]},"3":{"loc":{"start":{"line":73,"column":6},"end":{"line":96,"column":7}},"type":"if","locations":[{"start":{"line":73,"column":6},"end":{"line":96,"column":7}},{"start":{"line":77,"column":13},"end":{"line":96,"column":7}}]},"4":{"loc":{"start":{"line":77,"column":13},"end":{"line":96,"column":7}},"type":"if","locations":[{"start":{"line":77,"column":13},"end":{"line":96,"column":7}},{"start":{},"end":{}}]},"5":{"loc":{"start":{"line":78,"column":8},"end":{"line":84,"column":9}},"type":"if","locations":[{"start":{"line":78,"column":8},"end":{"line":84,"column":9}},{"start":{},"end":{}}]},"6":{"loc":{"start":{"line":79,"column":10},"end":{"line":81,"column":68}},"type":"binary-expr","locations":[{"start":{"line":79,"column":10},"end":{"line":79,"column":17}},{"start":{"line":80,"column":10},"end":{"line":80,"column":28}},{"start":{"line":81,"column":10},"end":{"line":81,"column":68}}]},"7":{"loc":{"start":{"line":87,"column":8},"end":{"line":95,"column":9}},"type":"if","locations":[{"start":{"line":87,"column":8},"end":{"line":95,"column":9}},{"start":{},"end":{}}]},"8":{"loc":{"start":{"line":99,"column":4},"end":{"line":105,"column":5}},"type":"if","locations":[{"start":{"line":99,"column":4},"end":{"line":105,"column":5}},{"start":{"line":103,"column":11},"end":{"line":105,"column":5}}]},"9":{"loc":{"start":{"line":99,"column":8},"end":{"line":99,"column":64}},"type":"binary-expr","locations":[{"start":{"line":99,"column":8},"end":{"line":99,"column":33}},{"start":{"line":99,"column":37},"end":{"line":99,"column":42}},{"start":{"line":99,"column":46},"end":{"line":99,"column":64}}]},"10":{"loc":{"start":{"line":132,"column":2},"end":{"line":134,"column":3}},"type":"if","locations":[{"start":{"line":132,"column":2},"end":{"line":134,"column":3}},{"start":{},"end":{}}]},"11":{"loc":{"start":{"line":132,"column":6},"end":{"line":132,"column":45}},"type":"binary-expr","locations":[{"start":{"line":132,"column":6},"end":{"line":132,"column":14}},{"start":{"line":132,"column":18},"end":{"line":132,"column":45}}]},"12":{"loc":{"start":{"line":135,"column":2},"end":{"line":137,"column":3}},"type":"if","locations":[{"start":{"line":135,"column":2},"end":{"line":137,"column":3}},{"start":{},"end":{}}]},"13":{"loc":{"start":{"line":135,"column":6},"end":{"line":135,"column":53}},"type":"binary-expr","locations":[{"start":{"line":135,"column":6},"end":{"line":135,"column":18}},{"start":{"line":135,"column":22},"end":{"line":135,"column":53}}]},"14":{"loc":{"start":{"line":138,"column":2},"end":{"line":140,"column":3}},"type":"if","locations":[{"start":{"line":138,"column":2},"end":{"line":140,"column":3}},{"start":{},"end":{}}]},"15":{"loc":{"start":{"line":138,"column":6},"end":{"line":138,"column":53}},"type":"binary-expr","locations":[{"start":{"line":138,"column":6},"end":{"line":138,"column":18}},{"start":{"line":138,"column":22},"end":{"line":138,"column":53}}]},"16":{"loc":{"start":{"line":145,"column":2},"end":{"line":147,"column":3}},"type":"if","locations":[{"start":{"line":145,"column":2},"end":{"line":147,"column":3}},{"start":{},"end":{}}]},"17":{"loc":{"start":{"line":150,"column":2},"end":{"line":152,"column":3}},"type":"if","locations":[{"start":{"line":150,"column":2},"end":{"line":152,"column":3}},{"start":{},"end":{}}]},"18":{"loc":{"start":{"line":166,"column":16},"end":{"line":166,"column":43}},"type":"binary-expr","locations":[{"start":{"line":166,"column":16},"end":{"line":166,"column":28}},{"start":{"line":166,"column":32},"end":{"line":166,"column":43}}]},"19":{"loc":{"start":{"line":167,"column":18},"end":{"line":167,"column":73}},"type":"binary-expr","locations":[{"start":{"line":167,"column":18},"end":{"line":167,"column":33}},{"start":{"line":167,"column":37},"end":{"line":167,"column":73}}]},"20":{"loc":{"start":{"line":175,"column":4},"end":{"line":175,"column":50}},"type":"if","locations":[{"start":{"line":175,"column":4},"end":{"line":175,"column":50}},{"start":{},"end":{}}]},"21":{"loc":{"start":{"line":179,"column":2},"end":{"line":185,"column":3}},"type":"if","locations":[{"start":{"line":179,"column":2},"end":{"line":185,"column":3}},{"start":{},"end":{}}]},"22":{"loc":{"start":{"line":197,"column":32},"end":{"line":197,"column":61}},"type":"binary-expr","locations":[{"start":{"line":197,"column":32},"end":{"line":197,"column":56}},{"start":{"line":197,"column":60},"end":{"line":197,"column":61}}]},"23":{"loc":{"start":{"line":199,"column":4},"end":{"line":230,"column":5}},"type":"if","locations":[{"start":{"line":199,"column":4},"end":{"line":230,"column":5}},{"start":{"line":201,"column":11},"end":{"line":230,"column":5}}]},"24":{"loc":{"start":{"line":203,"column":6},"end":{"line":229,"column":7}},"type":"if","locations":[{"start":{"line":203,"column":6},"end":{"line":229,"column":7}},{"start":{"line":227,"column":13},"end":{"line":229,"column":7}}]},"25":{"loc":{"start":{"line":203,"column":10},"end":{"line":203,"column":28}},"type":"binary-expr","locations":[{"start":{"line":203,"column":10},"end":{"line":203,"column":13}},{"start":{"line":203,"column":17},"end":{"line":203,"column":28}}]},"26":{"loc":{"start":{"line":206,"column":8},"end":{"line":226,"column":9}},"type":"if","locations":[{"start":{"line":206,"column":8},"end":{"line":226,"column":9}},{"start":{"line":211,"column":15},"end":{"line":226,"column":9}}]},"27":{"loc":{"start":{"line":211,"column":15},"end":{"line":226,"column":9}},"type":"if","locations":[{"start":{"line":211,"column":15},"end":{"line":226,"column":9}},{"start":{"line":220,"column":15},"end":{"line":226,"column":9}}]},"28":{"loc":{"start":{"line":221,"column":26},"end":{"line":221,"column":77}},"type":"binary-expr","locations":[{"start":{"line":221,"column":26},"end":{"line":221,"column":55}},{"start":{"line":221,"column":59},"end":{"line":221,"column":77}}]},"29":{"loc":{"start":{"line":240,"column":4},"end":{"line":260,"column":5}},"type":"if","locations":[{"start":{"line":240,"column":4},"end":{"line":260,"column":5}},{"start":{"line":252,"column":11},"end":{"line":260,"column":5}}]},"30":{"loc":{"start":{"line":254,"column":25},"end":{"line":256,"column":29}},"type":"cond-expr","locations":[{"start":{"line":255,"column":10},"end":{"line":255,"column":22}},{"start":{"line":256,"column":10},"end":{"line":256,"column":29}}]},"31":{"loc":{"start":{"line":276,"column":4},"end":{"line":280,"column":5}},"type":"if","locations":[{"start":{"line":276,"column":4},"end":{"line":280,"column":5}},{"start":{"line":278,"column":11},"end":{"line":280,"column":5}}]},"32":{"loc":{"start":{"line":276,"column":8},"end":{"line":276,"column":64}},"type":"binary-expr","locations":[{"start":{"line":276,"column":8},"end":{"line":276,"column":33}},{"start":{"line":276,"column":37},"end":{"line":276,"column":42}},{"start":{"line":276,"column":46},"end":{"line":276,"column":64}}]},"33":{"loc":{"start":{"line":291,"column":14},"end":{"line":291,"column":62}},"type":"binary-expr","locations":[{"start":{"line":291,"column":14},"end":{"line":291,"column":34}},{"start":{"line":291,"column":38},"end":{"line":291,"column":62}}]},"34":{"loc":{"start":{"line":306,"column":8},"end":{"line":306,"column":30}},"type":"if","locations":[{"start":{"line":306,"column":8},"end":{"line":306,"column":30}},{"start":{},"end":{}}]},"35":{"loc":{"start":{"line":319,"column":22},"end":{"line":319,"column":49}},"type":"binary-expr","locations":[{"start":{"line":319,"column":22},"end":{"line":319,"column":34}},{"start":{"line":319,"column":38},"end":{"line":319,"column":49}}]},"36":{"loc":{"start":{"line":321,"column":8},"end":{"line":345,"column":9}},"type":"if","locations":[{"start":{"line":321,"column":8},"end":{"line":345,"column":9}},{"start":{},"end":{}}]},"37":{"loc":{"start":{"line":330,"column":12},"end":{"line":330,"column":49}},"type":"if","locations":[{"start":{"line":330,"column":12},"end":{"line":330,"column":49}},{"start":{},"end":{}}]},"38":{"loc":{"start":{"line":332,"column":12},"end":{"line":338,"column":13}},"type":"if","locations":[{"start":{"line":332,"column":12},"end":{"line":338,"column":13}},{"start":{"line":336,"column":19},"end":{"line":338,"column":13}}]},"39":{"loc":{"start":{"line":332,"column":16},"end":{"line":332,"column":72}},"type":"binary-expr","locations":[{"start":{"line":332,"column":16},"end":{"line":332,"column":41}},{"start":{"line":332,"column":45},"end":{"line":332,"column":50}},{"start":{"line":332,"column":54},"end":{"line":332,"column":72}}]},"40":{"loc":{"start":{"line":339,"column":12},"end":{"line":343,"column":16}},"type":"if","locations":[{"start":{"line":339,"column":12},"end":{"line":343,"column":16}},{"start":{},"end":{}}]},"41":{"loc":{"start":{"line":341,"column":16},"end":{"line":341,"column":75}},"type":"cond-expr","locations":[{"start":{"line":341,"column":41},"end":{"line":341,"column":46}},{"start":{"line":341,"column":49},"end":{"line":341,"column":75}}]},"42":{"loc":{"start":{"line":354,"column":8},"end":{"line":357,"column":9}},"type":"if","locations":[{"start":{"line":354,"column":8},"end":{"line":357,"column":9}},{"start":{},"end":{}}]},"43":{"loc":{"start":{"line":361,"column":4},"end":{"line":367,"column":5}},"type":"if","locations":[{"start":{"line":361,"column":4},"end":{"line":367,"column":5}},{"start":{"line":365,"column":11},"end":{"line":367,"column":5}}]},"44":{"loc":{"start":{"line":361,"column":8},"end":{"line":361,"column":64}},"type":"binary-expr","locations":[{"start":{"line":361,"column":8},"end":{"line":361,"column":33}},{"start":{"line":361,"column":37},"end":{"line":361,"column":42}},{"start":{"line":361,"column":46},"end":{"line":361,"column":64}}]},"45":{"loc":{"start":{"line":373,"column":4},"end":{"line":377,"column":5}},"type":"if","locations":[{"start":{"line":373,"column":4},"end":{"line":377,"column":5}},{"start":{},"end":{}}]},"46":{"loc":{"start":{"line":380,"column":4},"end":{"line":386,"column":5}},"type":"if","locations":[{"start":{"line":380,"column":4},"end":{"line":386,"column":5}},{"start":{"line":384,"column":11},"end":{"line":386,"column":5}}]},"47":{"loc":{"start":{"line":380,"column":8},"end":{"line":380,"column":64}},"type":"binary-expr","locations":[{"start":{"line":380,"column":8},"end":{"line":380,"column":33}},{"start":{"line":380,"column":37},"end":{"line":380,"column":42}},{"start":{"line":380,"column":46},"end":{"line":380,"column":64}}]}},"s":{"0":1,"1":1,"2":1,"3":1,"4":1,"5":1,"6":1,"7":1,"8":1,"9":1,"10":1,"11":1,"12":22,"13":5,"14":6,"15":0,"16":4,"17":4,"18":19,"19":2,"20":1,"21":1,"22":15,"23":22,"24":22,"25":22,"26":22,"27":30,"28":30,"29":30,"30":45,"31":1,"32":29,"33":29,"34":9,"35":20,"36":20,"37":2,"38":1,"39":19,"40":19,"41":17,"42":0,"43":0,"44":0,"45":22,"46":11,"47":0,"48":11,"49":0,"50":11,"51":0,"52":11,"53":11,"54":11,"55":1,"56":10,"57":10,"58":0,"59":10,"60":10,"61":10,"62":82,"63":10,"64":10,"65":10,"66":10,"67":3,"68":3,"69":3,"70":3,"71":3,"72":3,"73":0,"74":10,"75":0,"76":10,"77":10,"78":10,"79":10,"80":10,"81":13,"82":13,"83":13,"84":10,"85":3,"86":3,"87":3,"88":3,"89":3,"90":1,"91":2,"92":0,"93":0,"94":2,"95":2,"96":0,"97":13,"98":13,"99":13,"100":0,"101":0,"102":13,"103":13,"104":1,"105":1,"106":1,"107":1,"108":1,"109":1,"110":0,"111":0,"112":0,"113":12,"114":12,"115":12,"116":12,"117":12,"118":10,"119":10,"120":10,"121":10,"122":10,"123":10,"124":10,"125":10,"126":10,"127":10,"128":0,"129":0,"130":0,"131":10,"132":13,"133":13,"134":13,"135":10,"136":0,"137":0,"138":0,"139":0,"140":0,"141":0,"142":0,"143":0,"144":0,"145":0,"146":0,"147":0,"148":0,"149":0,"150":0,"151":0,"152":0,"153":0,"154":0,"155":0,"156":0,"157":0,"158":0,"159":0,"160":0,"161":0,"162":0,"163":0,"164":0,"165":0,"166":0,"167":0,"168":0,"169":0,"170":0,"171":0,"172":0,"173":0,"174":0},"f":{"0":22,"1":5,"2":6,"3":0,"4":4,"5":4,"6":19,"7":22,"8":45,"9":2,"10":11,"11":82,"12":3,"13":3,"14":3,"15":13,"16":3,"17":13,"18":13,"19":13,"20":10,"21":0,"22":0,"23":0,"24":0,"25":0},"b":{"0":[2,1,1,15],"1":[1,29],"2":[30,24],"3":[9,20],"4":[20,0],"5":[1,19],"6":[20,2,2],"7":[17,2],"8":[0,0],"9":[0,0,0],"10":[0,11],"11":[11,11],"12":[0,11],"13":[11,11],"14":[0,11],"15":[11,11],"16":[1,10],"17":[0,10],"18":[10,9],"19":[10,9],"20":[3,0],"21":[0,10],"22":[13,10],"23":[10,3],"24":[3,0],"25":[3,3],"26":[1,2],"27":[0,2],"28":[2,0],"29":[1,12],"30":[0,12],"31":[0,0],"32":[0,0,0],"33":[10,10],"34":[0,0],"35":[0,0],"36":[0,0],"37":[0,0],"38":[0,0],"39":[0,0,0],"40":[0,0],"41":[0,0],"42":[0,0],"43":[0,0],"44":[0,0,0],"45":[0,0],"46":[0,0],"47":[0,0,0]}}
}
