TN:
SF:src/generator.ts
FN:5,sanitizeName
FN:9,toCamelCase
FN:11,(anonymous_3)
FN:12,(anonymous_4)
FN:16,toSnakeCase
FN:23,toKebabCase
FN:27,applyNamingStrategy
FN:51,scanDirectoryRecursive
FN:67,(anonymous_9)
FN:81,(anonymous_10)
FN:129,generateAssetsMap
FN:166,(anonymous_12)
FN:172,(anonymous_13)
FN:173,(anonymous_14)
FN:174,(anonymous_15)
FN:193,(anonymous_16)
FN:204,(anonymous_17)
FN:285,(anonymous_18)
FN:288,(anonymous_19)
FN:288,(anonymous_20)
FN:291,(anonymous_21)
FN:296,watchAssetsMap
FN:305,(anonymous_23)
FN:319,(anonymous_24)
FN:353,(anonymous_25)
FN:371,cleanupAssetsMap
FNF:26
FNH:20
FNDA:22,sanitizeName
FNDA:5,toCamelCase
FNDA:6,(anonymous_3)
FNDA:0,(anonymous_4)
FNDA:4,toSnakeCase
FNDA:4,toKebabCase
FNDA:19,applyNamingStrategy
FNDA:22,scanDirectoryRecursive
FNDA:45,(anonymous_9)
FNDA:2,(anonymous_10)
FNDA:11,generateAssetsMap
FNDA:82,(anonymous_12)
FNDA:3,(anonymous_13)
FNDA:3,(anonymous_14)
FNDA:3,(anonymous_15)
FNDA:13,(anonymous_16)
FNDA:3,(anonymous_17)
FNDA:13,(anonymous_18)
FNDA:13,(anonymous_19)
FNDA:13,(anonymous_20)
FNDA:10,(anonymous_21)
FNDA:0,watchAssetsMap
FNDA:0,(anonymous_23)
FNDA:0,(anonymous_24)
FNDA:0,(anonymous_25)
FNDA:0,cleanupAssetsMap
DA:1,1
DA:2,1
DA:3,1
DA:5,1
DA:6,22
DA:9,1
DA:10,5
DA:11,6
DA:12,0
DA:16,1
DA:17,4
DA:23,1
DA:24,4
DA:27,1
DA:31,19
DA:33,2
DA:35,1
DA:37,1
DA:39,15
DA:51,1
DA:58,22
DA:59,22
DA:60,22
DA:61,22
DA:62,30
DA:63,30
DA:65,30
DA:67,45
DA:69,1
DA:72,29
DA:73,29
DA:74,9
DA:77,20
DA:78,20
DA:81,2
DA:83,1
DA:86,19
DA:87,19
DA:88,17
DA:99,0
DA:100,0
DA:104,0
DA:107,22
DA:129,1
DA:132,11
DA:133,0
DA:135,11
DA:136,0
DA:138,11
DA:139,0
DA:142,11
DA:143,11
DA:145,11
DA:146,1
DA:149,10
DA:150,10
DA:151,0
DA:154,10
DA:155,10
DA:166,82
DA:167,10
DA:168,10
DA:170,10
DA:172,10
DA:173,3
DA:174,3
DA:175,3
DA:176,0
DA:179,10
DA:180,0
DA:187,10
DA:189,10
DA:190,10
DA:191,10
DA:193,10
DA:195,13
DA:197,13
DA:199,13
DA:200,10
DA:202,3
DA:203,3
DA:204,3
DA:206,3
DA:207,1
DA:211,2
DA:212,0
DA:216,0
DA:221,2
DA:222,2
DA:228,0
DA:232,13
DA:233,13
DA:234,13
DA:235,0
DA:236,0
DA:238,13
DA:240,13
DA:241,1
DA:242,1
DA:243,1
DA:244,1
DA:245,1
DA:246,1
DA:248,0
DA:249,0
DA:250,0
DA:253,12
DA:254,12
DA:257,12
DA:258,12
DA:259,12
DA:263,10
DA:264,10
DA:265,10
DA:266,10
DA:267,10
DA:268,10
DA:270,10
DA:272,10
DA:273,10
DA:274,10
DA:276,0
DA:277,0
DA:279,0
DA:283,10
DA:285,13
DA:288,13
DA:291,10
DA:296,1
DA:301,0
DA:302,0
DA:306,0
DA:307,0
DA:308,0
DA:319,0
DA:321,0
DA:322,0
DA:325,0
DA:326,0
DA:327,0
DA:330,0
DA:332,0
DA:333,0
DA:337,0
DA:339,0
DA:340,0
DA:349,0
DA:350,0
DA:352,0
DA:354,0
DA:355,0
DA:356,0
DA:361,0
DA:362,0
DA:366,0
DA:371,1
DA:372,0
DA:373,0
DA:374,0
DA:375,0
DA:376,0
DA:378,0
DA:380,0
DA:381,0
DA:385,0
DA:387,0
LF:166
LH:109
BRDA:31,0,0,2
BRDA:31,0,1,1
BRDA:31,0,2,1
BRDA:31,0,3,15
BRDA:65,1,0,1
BRDA:65,1,1,29
BRDA:66,2,0,30
BRDA:66,2,1,24
BRDA:73,3,0,9
BRDA:73,3,1,20
BRDA:77,4,0,20
BRDA:77,4,1,0
BRDA:78,5,0,1
BRDA:78,5,1,19
BRDA:79,6,0,20
BRDA:79,6,1,2
BRDA:79,6,2,2
BRDA:87,7,0,17
BRDA:87,7,1,2
BRDA:99,8,0,0
BRDA:99,8,1,0
BRDA:99,9,0,0
BRDA:99,9,1,0
BRDA:99,9,2,0
BRDA:132,10,0,0
BRDA:132,10,1,11
BRDA:132,11,0,11
BRDA:132,11,1,11
BRDA:135,12,0,0
BRDA:135,12,1,11
BRDA:135,13,0,11
BRDA:135,13,1,11
BRDA:138,14,0,0
BRDA:138,14,1,11
BRDA:138,15,0,11
BRDA:138,15,1,11
BRDA:145,16,0,1
BRDA:145,16,1,10
BRDA:150,17,0,0
BRDA:150,17,1,10
BRDA:166,18,0,10
BRDA:166,18,1,9
BRDA:167,19,0,10
BRDA:167,19,1,9
BRDA:175,20,0,3
BRDA:175,20,1,0
BRDA:179,21,0,0
BRDA:179,21,1,10
BRDA:197,22,0,13
BRDA:197,22,1,10
BRDA:199,23,0,10
BRDA:199,23,1,3
BRDA:203,24,0,3
BRDA:203,24,1,0
BRDA:203,25,0,3
BRDA:203,25,1,3
BRDA:206,26,0,1
BRDA:206,26,1,2
BRDA:211,27,0,0
BRDA:211,27,1,2
BRDA:221,28,0,2
BRDA:221,28,1,0
BRDA:240,29,0,1
BRDA:240,29,1,12
BRDA:254,30,0,0
BRDA:254,30,1,12
BRDA:276,31,0,0
BRDA:276,31,1,0
BRDA:276,32,0,0
BRDA:276,32,1,0
BRDA:276,32,2,0
BRDA:291,33,0,10
BRDA:291,33,1,10
BRDA:306,34,0,0
BRDA:306,34,1,0
BRDA:319,35,0,0
BRDA:319,35,1,0
BRDA:321,36,0,0
BRDA:321,36,1,0
BRDA:330,37,0,0
BRDA:330,37,1,0
BRDA:332,38,0,0
BRDA:332,38,1,0
BRDA:332,39,0,0
BRDA:332,39,1,0
BRDA:332,39,2,0
BRDA:339,40,0,0
BRDA:339,40,1,0
BRDA:341,41,0,0
BRDA:341,41,1,0
BRDA:354,42,0,0
BRDA:354,42,1,0
BRDA:361,43,0,0
BRDA:361,43,1,0
BRDA:361,44,0,0
BRDA:361,44,1,0
BRDA:361,44,2,0
BRDA:373,45,0,0
BRDA:373,45,1,0
BRDA:380,46,0,0
BRDA:380,46,1,0
BRDA:380,47,0,0
BRDA:380,47,1,0
BRDA:380,47,2,0
BRF:104
BRH:52
end_of_record
